  StudentWorld.cpp
c:\vs2015\frackman\frackman\actor.h(92): warning C4244: '=': conversion from 'double' to 'CoordType', possible loss of data
c:\vs2015\frackman\frackman\actor.h(93): warning C4244: '=': conversion from 'double' to 'CoordType', possible loss of data
c:\vs2015\frackman\frackman\studentworld.cpp(148): warning C4018: '<': signed/unsigned mismatch
c:\vs2015\frackman\frackman\studentworld.cpp(252): warning C4018: '<': signed/unsigned mismatch
c:\vs2015\frackman\frackman\studentworld.cpp(381): warning C4018: '<': signed/unsigned mismatch
c:\vs2015\frackman\frackman\studentworld.cpp(629): warning C4244: 'initializing': conversion from 'double' to 'int', possible loss of data
c:\vs2015\frackman\frackman\studentworld.cpp(642): warning C4018: '<': signed/unsigned mismatch
c:\vs2015\frackman\frackman\studentworld.cpp(835): warning C4101: 'y1': unreferenced local variable
c:\vs2015\frackman\frackman\studentworld.cpp(835): warning C4101: 'x1': unreferenced local variable
c:\vs2015\frackman\frackman\studentworld.cpp(868): warning C4018: '<': signed/unsigned mismatch
c:\vs2015\frackman\frackman\studentworld.cpp(879): warning C4018: '<': signed/unsigned mismatch
c:\vs2015\frackman\frackman\studentworld.cpp(891): warning C4018: '<': signed/unsigned mismatch
c:\vs2015\frackman\frackman\studentworld.cpp(904): warning C4018: '<': signed/unsigned mismatch
c:\vs2015\frackman\frackman\studentworld.cpp(942): warning C4018: '<': signed/unsigned mismatch
c:\vs2015\frackman\frackman\studentworld.cpp(953): warning C4018: '<': signed/unsigned mismatch
c:\vs2015\frackman\frackman\studentworld.cpp(965): warning C4018: '<': signed/unsigned mismatch
c:\vs2015\frackman\frackman\studentworld.cpp(978): warning C4018: '<': signed/unsigned mismatch
c:\vs2015\frackman\frackman\studentworld.cpp(1001): warning C4018: '<': signed/unsigned mismatch
  Actor.cpp
c:\vs2015\frackman\frackman\actor.h(92): warning C4244: '=': conversion from 'double' to 'CoordType', possible loss of data
c:\vs2015\frackman\frackman\actor.h(93): warning C4244: '=': conversion from 'double' to 'CoordType', possible loss of data
  Generating Code...
c:\vs2015\frackman\frackman\actor.cpp(315): warning C4715: 'Boulder::doSomething': not all control paths return a value
c:\vs2015\frackman\frackman\actor.cpp(498): warning C4715: 'Gold::doSomething': not all control paths return a value
c:\vs2015\frackman\frackman\studentworld.cpp(458): warning C4715: 'StudentWorld::isThereDirtInDirectionOfActor': not all control paths return a value
  FrackMan.vcxproj -> C:\VS2015\FrackMan\Debug\FrackMan.exe
